Determining if the pthread_create exist failed with the following output:
Change Dir: /home/workspace/CppND-Capstone-Snake-Game/build/CMakeFiles/CMakeTmp

Run Build Command:"/usr/bin/make" "cmTC_cd7ab/fast"
/usr/bin/make -f CMakeFiles/cmTC_cd7ab.dir/build.make CMakeFiles/cmTC_cd7ab.dir/build
make[1]: Entering directory '/home/workspace/CppND-Capstone-Snake-Game/build/CMakeFiles/CMakeTmp'
Building C object CMakeFiles/cmTC_cd7ab.dir/CheckSymbolExists.c.o
/usr/bin/cc    -o CMakeFiles/cmTC_cd7ab.dir/CheckSymbolExists.c.o   -c /home/workspace/CppND-Capstone-Snake-Game/build/CMakeFiles/CMakeTmp/CheckSymbolExists.c
Linking C executable cmTC_cd7ab
/usr/local/bin/cmake -E cmake_link_script CMakeFiles/cmTC_cd7ab.dir/link.txt --verbose=1
/usr/bin/cc      CMakeFiles/cmTC_cd7ab.dir/CheckSymbolExists.c.o  -o cmTC_cd7ab 
CMakeFiles/cmTC_cd7ab.dir/CheckSymbolExists.c.o: In function `main':
CheckSymbolExists.c:(.text+0x16): undefined reference to `pthread_create'
collect2: error: ld returned 1 exit status
CMakeFiles/cmTC_cd7ab.dir/build.make:86: recipe for target 'cmTC_cd7ab' failed
make[1]: *** [cmTC_cd7ab] Error 1
make[1]: Leaving directory '/home/workspace/CppND-Capstone-Snake-Game/build/CMakeFiles/CMakeTmp'
Makefile:121: recipe for target 'cmTC_cd7ab/fast' failed
make: *** [cmTC_cd7ab/fast] Error 2

File /home/workspace/CppND-Capstone-Snake-Game/build/CMakeFiles/CMakeTmp/CheckSymbolExists.c:
/* */
#include <pthread.h>

int main(int argc, char** argv)
{
  (void)argv;
#ifndef pthread_create
  return ((int*)(&pthread_create))[argc];
#else
  (void)argc;
  return 0;
#endif
}

Determining if the function pthread_create exists in the pthreads failed with the following output:
Change Dir: /home/workspace/CppND-Capstone-Snake-Game/build/CMakeFiles/CMakeTmp

Run Build Command:"/usr/bin/make" "cmTC_1f7fb/fast"
/usr/bin/make -f CMakeFiles/cmTC_1f7fb.dir/build.make CMakeFiles/cmTC_1f7fb.dir/build
make[1]: Entering directory '/home/workspace/CppND-Capstone-Snake-Game/build/CMakeFiles/CMakeTmp'
Building C object CMakeFiles/cmTC_1f7fb.dir/CheckFunctionExists.c.o
/usr/bin/cc   -DCHECK_FUNCTION_EXISTS=pthread_create   -o CMakeFiles/cmTC_1f7fb.dir/CheckFunctionExists.c.o   -c /usr/local/share/cmake-3.13/Modules/CheckFunctionExists.c
Linking C executable cmTC_1f7fb
/usr/local/bin/cmake -E cmake_link_script CMakeFiles/cmTC_1f7fb.dir/link.txt --verbose=1
/usr/bin/cc  -DCHECK_FUNCTION_EXISTS=pthread_create    CMakeFiles/cmTC_1f7fb.dir/CheckFunctionExists.c.o  -o cmTC_1f7fb -lpthreads 
/usr/bin/ld: cannot find -lpthreads
collect2: error: ld returned 1 exit status
CMakeFiles/cmTC_1f7fb.dir/build.make:86: recipe for target 'cmTC_1f7fb' failed
make[1]: *** [cmTC_1f7fb] Error 1
make[1]: Leaving directory '/home/workspace/CppND-Capstone-Snake-Game/build/CMakeFiles/CMakeTmp'
Makefile:121: recipe for target 'cmTC_1f7fb/fast' failed
make: *** [cmTC_1f7fb/fast] Error 2


